2025-04-04 13:23:13.198470 - Received CBT.V508.FILE656.PDS from FILE656.XMI 
2025-04-04 13:23:13.203774 - Found $.rexx (text/plain) in CBT.V508.FILE656.PDS, moved to PDS/$
2025-04-04 13:23:13.203921 - Found $$$#DATE.txt (text/plain) in CBT.V508.FILE656.PDS, moved to PDS/$$$#DATE
2025-04-04 13:23:13.204108 - Found $INDEX.txt (text/plain) in CBT.V508.FILE656.PDS, moved to PDS/$INDEX
2025-04-04 13:23:13.204240 - Found $README.txt (text/plain) in CBT.V508.FILE656.PDS, moved to PDS/$README
2025-04-04 13:23:13.204370 - Found @FILE656.txt (text/plain) in CBT.V508.FILE656.PDS, moved to PDS/@FILE656
2025-04-04 13:23:13.204489 - Found ALT.rexx (text/plain) in CBT.V508.FILE656.PDS, moved to PDS/ALT
2025-04-04 13:23:13.204623 - Found AMBCLIST.txt (text/plain) in CBT.V508.FILE656.PDS, moved to PDS/AMBCLIST
2025-04-04 13:23:13.204767 - Found AMBPNL.txt (text/plain) in CBT.V508.FILE656.PDS, moved to PDS/AMBPNL
2025-04-04 13:23:13.204909 - Found APLBOX.rexx (text/plain) in CBT.V508.FILE656.PDS, moved to PDS/APLBOX
2025-04-04 13:23:13.205063 - Found BATCHPDF.rexx (text/plain) in CBT.V508.FILE656.PDS, moved to PDS/BATCHPDF
2025-04-04 13:23:13.205183 - Found BATCHSMS.rexx (text/plain) in CBT.V508.FILE656.PDS, moved to PDS/BATCHSMS
2025-04-04 13:23:13.205298 - Found BTSO.rexx (text/plain) in CBT.V508.FILE656.PDS, moved to PDS/BTSO
2025-04-04 13:23:13.205418 - Found CDATE.rexx (text/plain) in CBT.V508.FILE656.PDS, moved to PDS/CDATE
2025-04-04 13:23:13.205538 - Found CDATEPNL.txt (text/plain) in CBT.V508.FILE656.PDS, moved to PDS/CDATEPNL
2025-04-04 13:23:13.205687 - Found CE.rexx (text/plain) in CBT.V508.FILE656.PDS, moved to PDS/CE
2025-04-04 13:23:13.205824 - Found CHANGE.rexx (text/plain) in CBT.V508.FILE656.PDS, moved to PDS/CHANGE
2025-04-04 13:23:13.205944 - Found CHECKVOL.rexx (text/plain) in CBT.V508.FILE656.PDS, moved to PDS/CHECKVOL
2025-04-04 13:23:13.206084 - Found COLADD.rexx (text/plain) in CBT.V508.FILE656.PDS, moved to PDS/COLADD
2025-04-04 13:23:13.206201 - Found COM.rexx (text/plain) in CBT.V508.FILE656.PDS, moved to PDS/COM
2025-04-04 13:23:13.206315 - Found COMPACT.rexx (text/plain) in CBT.V508.FILE656.PDS, moved to PDS/COMPACT
2025-04-04 13:23:13.206435 - Found COMREX.rexx (text/plain) in CBT.V508.FILE656.PDS, moved to PDS/COMREX
2025-04-04 13:23:13.206556 - Found COMSQL.rexx (text/plain) in CBT.V508.FILE656.PDS, moved to PDS/COMSQL
2025-04-04 13:23:13.206667 - Found COPYPEND.rexx (text/plain) in CBT.V508.FILE656.PDS, moved to PDS/COPYPEND
2025-04-04 13:23:13.206781 - Found COUNT.rexx (text/plain) in CBT.V508.FILE656.PDS, moved to PDS/COUNT
2025-04-04 13:23:13.206912 - Found CURPOS.rexx (text/plain) in CBT.V508.FILE656.PDS, moved to PDS/CURPOS
2025-04-04 13:23:13.207026 - Found CURRGEN.rexx (text/plain) in CBT.V508.FILE656.PDS, moved to PDS/CURRGEN
2025-04-04 13:23:13.207158 - Found CX.rexx (text/plain) in CBT.V508.FILE656.PDS, moved to PDS/CX
2025-04-04 13:23:13.207267 - Found DB2PEND.txt (text/plain) in CBT.V508.FILE656.PDS, moved to PDS/DB2PEND
2025-04-04 13:23:13.207396 - Found DB2SPNL.txt (text/plain) in CBT.V508.FILE656.PDS, moved to PDS/DB2SPNL
2025-04-04 13:23:13.207509 - Found DB2TPNL.txt (text/plain) in CBT.V508.FILE656.PDS, moved to PDS/DB2TPNL
2025-04-04 13:23:13.207615 - Found DB2UTIL.txt (text/plain) in CBT.V508.FILE656.PDS, moved to PDS/DB2UTIL
2025-04-04 13:23:13.207722 - Found DEAL.rexx (text/plain) in CBT.V508.FILE656.PDS, moved to PDS/DEAL
2025-04-04 13:23:13.207841 - Found DEBUGCMD.rexx (text/plain) in CBT.V508.FILE656.PDS, moved to PDS/DEBUGCMD
2025-04-04 13:23:13.207979 - Found DEFVSAM.rexx (text/plain) in CBT.V508.FILE656.PDS, moved to PDS/DEFVSAM
2025-04-04 13:23:13.208118 - Found DELAY.rexx (text/plain) in CBT.V508.FILE656.PDS, moved to PDS/DELAY
2025-04-04 13:23:13.208237 - Found DELDUPE.rexx (text/plain) in CBT.V508.FILE656.PDS, moved to PDS/DELDUPE
2025-04-04 13:23:13.208350 - Found DELMEM.rexx (text/plain) in CBT.V508.FILE656.PDS, moved to PDS/DELMEM
2025-04-04 13:23:13.208479 - Found DESC.rexx (text/plain) in CBT.V508.FILE656.PDS, moved to PDS/DESC
2025-04-04 13:23:13.208587 - Found DIR.rexx (text/plain) in CBT.V508.FILE656.PDS, moved to PDS/DIR
2025-04-04 13:23:13.208700 - Found DIRPNL.txt (text/plain) in CBT.V508.FILE656.PDS, moved to PDS/DIRPNL
2025-04-04 13:23:13.208809 - Found DISPPEND.rexx (text/plain) in CBT.V508.FILE656.PDS, moved to PDS/DISPPEND
2025-04-04 13:23:13.208922 - Found DISPUTIL.rexx (text/plain) in CBT.V508.FILE656.PDS, moved to PDS/DISPUTIL
2025-04-04 13:23:13.209036 - Found DSN.txt (text/plain) in CBT.V508.FILE656.PDS, moved to PDS/DSN
2025-04-04 13:23:13.209158 - Found DSNREXX.rexx (text/plain) in CBT.V508.FILE656.PDS, moved to PDS/DSNREXX
2025-04-04 13:23:13.209274 - Found DSNTIAUL.rexx (text/plain) in CBT.V508.FILE656.PDS, moved to PDS/DSNTIAUL
2025-04-04 13:23:13.209402 - Found DYN.rexx (text/plain) in CBT.V508.FILE656.PDS, moved to PDS/DYN
2025-04-04 13:23:13.209516 - Found DYNAREA.txt (text/plain) in CBT.V508.FILE656.PDS, moved to PDS/DYNAREA
2025-04-04 13:23:13.209623 - Found EDITALL.rexx (text/plain) in CBT.V508.FILE656.PDS, moved to PDS/EDITALL
2025-04-04 13:23:13.209735 - Found EMPTYPDS.rexx (text/plain) in CBT.V508.FILE656.PDS, moved to PDS/EMPTYPDS
2025-04-04 13:23:13.209844 - Found EOF.rexx (text/plain) in CBT.V508.FILE656.PDS, moved to PDS/EOF
2025-04-04 13:23:13.209958 - Found EOL.rexx (text/plain) in CBT.V508.FILE656.PDS, moved to PDS/EOL
2025-04-04 13:23:13.210090 - Found FINDMOD.rexx (text/plain) in CBT.V508.FILE656.PDS, moved to PDS/FINDMOD
2025-04-04 13:23:13.210207 - Found FOCERR.rexx (text/plain) in CBT.V508.FILE656.PDS, moved to PDS/FOCERR
2025-04-04 13:23:13.210318 - Found FRAGPNL.txt (text/plain) in CBT.V508.FILE656.PDS, moved to PDS/FRAGPNL
2025-04-04 13:23:13.210428 - Found GDGL.rexx (text/plain) in CBT.V508.FILE656.PDS, moved to PDS/GDGL
2025-04-04 13:23:13.210556 - Found GE.rexx (text/plain) in CBT.V508.FILE656.PDS, moved to PDS/GE
2025-04-04 13:23:13.210683 - Found GEBAR.rexx (text/plain) in CBT.V508.FILE656.PDS, moved to PDS/GEBAR
2025-04-04 13:23:13.210820 - Found GEBARPNL.txt (text/plain) in CBT.V508.FILE656.PDS, moved to PDS/GEBARPNL
2025-04-04 13:23:13.210947 - Found GEBARR.rexx (text/plain) in CBT.V508.FILE656.PDS, moved to PDS/GEBARR
2025-04-04 13:23:13.211077 - Found GEPNL.txt (text/plain) in CBT.V508.FILE656.PDS, moved to PDS/GEPNL
2025-04-04 13:23:13.211204 - Found GMT.rexx (text/plain) in CBT.V508.FILE656.PDS, moved to PDS/GMT
2025-04-04 13:23:13.211338 - Found GOTCHAS.txt (text/plain) in CBT.V508.FILE656.PDS, moved to PDS/GOTCHAS
2025-04-04 13:23:13.211493 - Found GREP.rexx (text/plain) in CBT.V508.FILE656.PDS, moved to PDS/GREP
2025-04-04 13:23:13.211657 - Found HIST.rexx (text/plain) in CBT.V508.FILE656.PDS, moved to PDS/HIST
2025-04-04 13:23:13.211783 - Found HISTPNL.txt (text/plain) in CBT.V508.FILE656.PDS, moved to PDS/HISTPNL
2025-04-04 13:23:13.211914 - Found HOLD.rexx (text/plain) in CBT.V508.FILE656.PDS, moved to PDS/HOLD
2025-04-04 13:23:13.212042 - Found HOLD2.rexx (text/plain) in CBT.V508.FILE656.PDS, moved to PDS/HOLD2
2025-04-04 13:23:13.212178 - Found HR.rexx (text/plain) in CBT.V508.FILE656.PDS, moved to PDS/HR
2025-04-04 13:23:13.212303 - Found HREC.rexx (text/plain) in CBT.V508.FILE656.PDS, moved to PDS/HREC
2025-04-04 13:23:13.212434 - Found ICSF.rexx (text/plain) in CBT.V508.FILE656.PDS, moved to PDS/ICSF
2025-04-04 13:23:13.212561 - Found IEHL.rexx (text/plain) in CBT.V508.FILE656.PDS, moved to PDS/IEHL
2025-04-04 13:23:13.212713 - Found IMAGEJCL.rexx (text/plain) in CBT.V508.FILE656.PDS, moved to PDS/IMAGEJCL
2025-04-04 13:23:13.212860 - Found IMBED.rexx (text/plain) in CBT.V508.FILE656.PDS, moved to PDS/IMBED
2025-04-04 13:23:13.212971 - Found IMBEDPNL.txt (text/plain) in CBT.V508.FILE656.PDS, moved to PDS/IMBEDPNL
2025-04-04 13:23:13.213082 - Found INIT.rexx (text/plain) in CBT.V508.FILE656.PDS, moved to PDS/INIT
2025-04-04 13:23:13.213197 - Found INS.rexx (text/plain) in CBT.V508.FILE656.PDS, moved to PDS/INS
2025-04-04 13:23:13.213317 - Found INSTREAM.rexx (text/plain) in CBT.V508.FILE656.PDS, moved to PDS/INSTREAM
2025-04-04 13:23:13.213448 - Found ISPCMDU.rexx (text/plain) in CBT.V508.FILE656.PDS, moved to PDS/ISPCMDU
2025-04-04 13:23:13.213562 - Found ISUB.rexx (text/plain) in CBT.V508.FILE656.PDS, moved to PDS/ISUB
2025-04-04 13:23:13.213669 - Found JC.rexx (text/plain) in CBT.V508.FILE656.PDS, moved to PDS/JC
2025-04-04 13:23:13.213775 - Found JC2.rexx (text/plain) in CBT.V508.FILE656.PDS, moved to PDS/JC2
2025-04-04 13:23:13.213885 - Found JOBNAME.rexx (text/plain) in CBT.V508.FILE656.PDS, moved to PDS/JOBNAME
2025-04-04 13:23:13.213992 - Found JSEND.rexx (text/plain) in CBT.V508.FILE656.PDS, moved to PDS/JSEND
2025-04-04 13:23:13.214101 - Found J2S.rexx (text/plain) in CBT.V508.FILE656.PDS, moved to PDS/J2S
2025-04-04 13:23:13.214208 - Found KILL.txt (text/plain) in CBT.V508.FILE656.PDS, moved to PDS/KILL
2025-04-04 13:23:13.214334 - Found LASTJCL.rexx (text/plain) in CBT.V508.FILE656.PDS, moved to PDS/LASTJCL
2025-04-04 13:23:13.214441 - Found LASTMM.rexx (text/plain) in CBT.V508.FILE656.PDS, moved to PDS/LASTMM
2025-04-04 13:23:13.214556 - Found LEN.rexx (text/plain) in CBT.V508.FILE656.PDS, moved to PDS/LEN
2025-04-04 13:23:13.214662 - Found LIBRARN.rexx (text/plain) in CBT.V508.FILE656.PDS, moved to PDS/LIBRARN
2025-04-04 13:23:13.214771 - Found LISTALL.rexx (text/plain) in CBT.V508.FILE656.PDS, moved to PDS/LISTALL
2025-04-04 13:23:13.214877 - Found LOCDD.rexx (text/plain) in CBT.V508.FILE656.PDS, moved to PDS/LOCDD
2025-04-04 13:23:13.214982 - Found LOGONCMD.rexx (text/plain) in CBT.V508.FILE656.PDS, moved to PDS/LOGONCMD
2025-04-04 13:23:13.215090 - Found LOOKE.rexx (text/plain) in CBT.V508.FILE656.PDS, moved to PDS/LOOKE
2025-04-04 13:23:13.215198 - Found LRECL.rexx (text/plain) in CBT.V508.FILE656.PDS, moved to PDS/LRECL
2025-04-04 13:23:13.215306 - Found LS.rexx (text/plain) in CBT.V508.FILE656.PDS, moved to PDS/LS
2025-04-04 13:23:13.215410 - Found LSPNL.txt (text/plain) in CBT.V508.FILE656.PDS, moved to PDS/LSPNL
2025-04-04 13:23:13.215541 - Found MAIN.bin (application/octet-stream) in CBT.V508.FILE656.PDS, moved to PDS/MAIN
2025-04-04 13:23:13.215652 - Found MAKEJCL.rexx (text/plain) in CBT.V508.FILE656.PDS, moved to PDS/MAKEJCL
2025-04-04 13:23:13.215772 - Found MASSCOPY.rexx (text/plain) in CBT.V508.FILE656.PDS, moved to PDS/MASSCOPY
2025-04-04 13:23:13.215883 - Found MASSDEL.rexx (text/plain) in CBT.V508.FILE656.PDS, moved to PDS/MASSDEL
2025-04-04 13:23:13.216000 - Found MASSDELP.rexx (text/plain) in CBT.V508.FILE656.PDS, moved to PDS/MASSDELP
2025-04-04 13:23:13.216112 - Found MASSSTAT.rexx (text/plain) in CBT.V508.FILE656.PDS, moved to PDS/MASSSTAT
2025-04-04 13:23:13.216388 - Found MEMBER.rexx (text/plain) in CBT.V508.FILE656.PDS, moved to PDS/MEMBER
2025-04-04 13:23:13.216533 - Found MQRC.rexx (text/plain) in CBT.V508.FILE656.PDS, moved to PDS/MQRC
2025-04-04 13:23:13.216656 - Found MSGPNL.txt (text/plain) in CBT.V508.FILE656.PDS, moved to PDS/MSGPNL
2025-04-04 13:23:13.216790 - Found NAB.rexx (text/plain) in CBT.V508.FILE656.PDS, moved to PDS/NAB
2025-04-04 13:23:13.216913 - Found NOTMACRO.rexx (text/plain) in CBT.V508.FILE656.PDS, moved to PDS/NOTMACRO
2025-04-04 13:23:13.217023 - Found ONLY.rexx (text/plain) in CBT.V508.FILE656.PDS, moved to PDS/ONLY
2025-04-04 13:23:13.217135 - Found OPENTAB.rexx (text/plain) in CBT.V508.FILE656.PDS, moved to PDS/OPENTAB
2025-04-04 13:23:13.217253 - Found PAD.rexx (text/plain) in CBT.V508.FILE656.PDS, moved to PDS/PAD
2025-04-04 13:23:13.217373 - Found PATTERN.rexx (text/plain) in CBT.V508.FILE656.PDS, moved to PDS/PATTERN
2025-04-04 13:23:13.217488 - Found PROFDUMP.rexx (text/plain) in CBT.V508.FILE656.PDS, moved to PDS/PROFDUMP
2025-04-04 13:23:13.217611 - Found PROFILE.rexx (text/plain) in CBT.V508.FILE656.PDS, moved to PDS/PROFILE
2025-04-04 13:23:13.217723 - Found PROGBAR.rexx (text/plain) in CBT.V508.FILE656.PDS, moved to PDS/PROGBAR
2025-04-04 13:23:13.217848 - Found PROGPNL.txt (text/plain) in CBT.V508.FILE656.PDS, moved to PDS/PROGPNL
2025-04-04 13:23:13.217959 - Found PROGRESS.rexx (text/plain) in CBT.V508.FILE656.PDS, moved to PDS/PROGRESS
2025-04-04 13:23:13.218071 - Found PT.rexx (text/plain) in CBT.V508.FILE656.PDS, moved to PDS/PT
2025-04-04 13:23:13.218187 - Found QB.rexx (text/plain) in CBT.V508.FILE656.PDS, moved to PDS/QB
2025-04-04 13:23:13.218301 - Found QBASE.rexx (text/plain) in CBT.V508.FILE656.PDS, moved to PDS/QBASE
2025-04-04 13:23:13.218435 - Found QC.rexx (text/plain) in CBT.V508.FILE656.PDS, moved to PDS/QC
2025-04-04 13:23:13.218556 - Found QCC.rexx (text/plain) in CBT.V508.FILE656.PDS, moved to PDS/QCC
2025-04-04 13:23:13.218671 - Found QD.rexx (text/plain) in CBT.V508.FILE656.PDS, moved to PDS/QD
2025-04-04 13:23:13.218780 - Found QE.rexx (text/plain) in CBT.V508.FILE656.PDS, moved to PDS/QE
2025-04-04 13:23:13.218901 - Found QH.rexx (text/plain) in CBT.V508.FILE656.PDS, moved to PDS/QH
2025-04-04 13:23:13.219033 - Found QI.rexx (text/plain) in CBT.V508.FILE656.PDS, moved to PDS/QI
2025-04-04 13:23:13.219142 - Found QIPNL.txt (text/plain) in CBT.V508.FILE656.PDS, moved to PDS/QIPNL
2025-04-04 13:23:13.219250 - Found QL.rexx (text/plain) in CBT.V508.FILE656.PDS, moved to PDS/QL
2025-04-04 13:23:13.219359 - Found QM.rexx (text/plain) in CBT.V508.FILE656.PDS, moved to PDS/QM
2025-04-04 13:23:13.219471 - Found QMPNL.txt (text/plain) in CBT.V508.FILE656.PDS, moved to PDS/QMPNL
2025-04-04 13:23:13.219591 - Found QN.rexx (text/plain) in CBT.V508.FILE656.PDS, moved to PDS/QN
2025-04-04 13:23:13.219704 - Found QR.rexx (text/plain) in CBT.V508.FILE656.PDS, moved to PDS/QR
2025-04-04 13:23:13.219813 - Found QS.rexx (text/plain) in CBT.V508.FILE656.PDS, moved to PDS/QS
2025-04-04 13:23:13.219923 - Found QV.rexx (text/plain) in CBT.V508.FILE656.PDS, moved to PDS/QV
2025-04-04 13:23:13.220055 - Found REFDD.rexx (text/plain) in CBT.V508.FILE656.PDS, moved to PDS/REFDD
2025-04-04 13:23:13.220167 - Found REX.rexx (text/plain) in CBT.V508.FILE656.PDS, moved to PDS/REX
2025-04-04 13:23:13.220272 - Found REXE.rexx (text/plain) in CBT.V508.FILE656.PDS, moved to PDS/REXE
2025-04-04 13:23:13.220382 - Found REXI.rexx (text/plain) in CBT.V508.FILE656.PDS, moved to PDS/REXI
2025-04-04 13:23:13.220518 - Found REXXTRY.rexx (text/plain) in CBT.V508.FILE656.PDS, moved to PDS/REXXTRY
2025-04-04 13:23:13.220628 - Found RUNSQL.rexx (text/plain) in CBT.V508.FILE656.PDS, moved to PDS/RUNSQL
2025-04-04 13:23:13.220753 - Found SAMPLECL.rexx (text/plain) in CBT.V508.FILE656.PDS, moved to PDS/SAMPLECL
2025-04-04 13:23:13.220868 - Found SDSFREXX.rexx (text/plain) in CBT.V508.FILE656.PDS, moved to PDS/SDSFREXX
2025-04-04 13:23:13.220982 - Found SDSFST.rexx (text/plain) in CBT.V508.FILE656.PDS, moved to PDS/SDSFST
2025-04-04 13:23:13.221089 - Found SHADOW.txt (text/plain) in CBT.V508.FILE656.PDS, moved to PDS/SHADOW
2025-04-04 13:23:13.221210 - Found SHOWBAR.rexx (text/plain) in CBT.V508.FILE656.PDS, moved to PDS/SHOWBAR
2025-04-04 13:23:13.221353 - Found SITECMDS.rexx (text/plain) in CBT.V508.FILE656.PDS, moved to PDS/SITECMDS
2025-04-04 13:23:13.221460 - Found SJ.rexx (text/plain) in CBT.V508.FILE656.PDS, moved to PDS/SJ
2025-04-04 13:23:13.221564 - Found SL.rexx (text/plain) in CBT.V508.FILE656.PDS, moved to PDS/SL
2025-04-04 13:23:13.221676 - Found SLEEP.rexx (text/plain) in CBT.V508.FILE656.PDS, moved to PDS/SLEEP
2025-04-04 13:23:13.221966 - Found SMS.rexx (text/plain) in CBT.V508.FILE656.PDS, moved to PDS/SMS
2025-04-04 13:23:13.222091 - Found SMSPNL.txt (text/plain) in CBT.V508.FILE656.PDS, moved to PDS/SMSPNL
2025-04-04 13:23:13.222205 - Found SQLC.rexx (text/plain) in CBT.V508.FILE656.PDS, moved to PDS/SQLC
2025-04-04 13:23:13.222342 - Found SRCHLIST.rexx (text/plain) in CBT.V508.FILE656.PDS, moved to PDS/SRCHLIST
2025-04-04 13:23:13.222456 - Found STEMVAR.rexx (text/plain) in CBT.V508.FILE656.PDS, moved to PDS/STEMVAR
2025-04-04 13:23:13.222564 - Found SUBSYS.rexx (text/plain) in CBT.V508.FILE656.PDS, moved to PDS/SUBSYS
2025-04-04 13:23:13.222675 - Found SUICIDE.rexx (text/plain) in CBT.V508.FILE656.PDS, moved to PDS/SUICIDE
2025-04-04 13:23:13.222795 - Found SWID.rexx (text/plain) in CBT.V508.FILE656.PDS, moved to PDS/SWID
2025-04-04 13:23:13.222905 - Found TBV.rexx (text/plain) in CBT.V508.FILE656.PDS, moved to PDS/TBV
2025-04-04 13:23:13.223031 - Found TBVIEW.rexx (text/plain) in CBT.V508.FILE656.PDS, moved to PDS/TBVIEW
2025-04-04 13:23:13.223138 - Found TBVWPNL.txt (text/plain) in CBT.V508.FILE656.PDS, moved to PDS/TBVWPNL
2025-04-04 13:23:13.223250 - Found TESTBAR.rexx (text/plain) in CBT.V508.FILE656.PDS, moved to PDS/TESTBAR
2025-04-04 13:23:13.223362 - Found THINK.rexx (text/plain) in CBT.V508.FILE656.PDS, moved to PDS/THINK
2025-04-04 13:23:13.223471 - Found TIDYUP.rexx (text/plain) in CBT.V508.FILE656.PDS, moved to PDS/TIDYUP
2025-04-04 13:23:13.223580 - Found TOVIEW.rexx (text/plain) in CBT.V508.FILE656.PDS, moved to PDS/TOVIEW
2025-04-04 13:23:13.223694 - Found UCOM.rexx (text/plain) in CBT.V508.FILE656.PDS, moved to PDS/UCOM
2025-04-04 13:23:13.223806 - Found UCOMSQL.rexx (text/plain) in CBT.V508.FILE656.PDS, moved to PDS/UCOMSQL
2025-04-04 13:23:13.223920 - Found UNAME.rexx (text/plain) in CBT.V508.FILE656.PDS, moved to PDS/UNAME
2025-04-04 13:23:13.224048 - Found USERNAME.rexx (text/plain) in CBT.V508.FILE656.PDS, moved to PDS/USERNAME
2025-04-04 13:23:13.224161 - Found UTILPNL.txt (text/plain) in CBT.V508.FILE656.PDS, moved to PDS/UTILPNL
2025-04-04 13:23:13.224273 - Found UTILSTAT.rexx (text/plain) in CBT.V508.FILE656.PDS, moved to PDS/UTILSTAT
2025-04-04 13:23:13.224418 - Found VB.rexx (text/plain) in CBT.V508.FILE656.PDS, moved to PDS/VB
2025-04-04 13:23:13.224555 - Found VBKEY.rexx (text/plain) in CBT.V508.FILE656.PDS, moved to PDS/VBKEY
2025-04-04 13:23:13.224667 - Found WAIT.rexx (text/plain) in CBT.V508.FILE656.PDS, moved to PDS/WAIT
2025-04-04 13:23:13.224782 - Found WHOPDS.rexx (text/plain) in CBT.V508.FILE656.PDS, moved to PDS/WHOPDS
2025-04-04 13:23:13.224906 - Found WILDEL.rexx (text/plain) in CBT.V508.FILE656.PDS, moved to PDS/WILDEL
2025-04-04 13:23:13.225041 - Found XCOPY.rexx (text/plain) in CBT.V508.FILE656.PDS, moved to PDS/XCOPY
2025-04-04 13:23:13.225155 - Found YESNOPNL.txt (text/plain) in CBT.V508.FILE656.PDS, moved to PDS/YESNOPNL
2025-04-04 13:23:13.225275 - Found ZAPPDS.rexx (text/plain) in CBT.V508.FILE656.PDS, moved to PDS/ZAPPDS
2025-04-04 13:23:13.225388 - Found ZAPSHELL.rexx (text/plain) in CBT.V508.FILE656.PDS, moved to PDS/ZAPSHELL
